<?xml version="1.0" encoding="UTF-8"?>
<!-- Generated by org.testng.reporters.JUnitReportReporter -->
<testsuite hostname="DESKTOP-B6C79S4" failures="0" tests="1" name="testng.TestNG_Class" time="37.305" errors="0" timestamp="2022-12-17T12:46:00 IST" skipped="0">
  <testcase classname="testng.TestNG_Class" name="m1" time="37.305"/>
  <system-out/>
</testsuite> <!-- testng.TestNG_Class -->
