<?xml version="1.0" encoding="UTF-8"?>
<!-- Generated by org.testng.reporters.JUnitReportReporter -->
<testsuite hostname="DESKTOP-B6C79S4" failures="0" tests="2" name="testng.Keywords5" time="0.020" errors="0" timestamp="2022-12-17T22:38:07 IST" skipped="0">
  <testcase classname="testng.Keywords5" name="logout" time="0.003"/>
  <system-out>
    <![CDATA[Log-Out]]>
  </system-out>
  <testcase classname="testng.Keywords5" name="login" time="0.017"/>
  <system-out>
    <![CDATA[Log-In]]>
  </system-out>
</testsuite> <!-- testng.Keywords5 -->
