<?xml version="1.0" encoding="UTF-8"?>
<!-- Generated by org.testng.reporters.JUnitReportReporter -->
<testsuite hostname="DESKTOP-B6C79S4" failures="0" tests="1" name="testng.Parallel1" time="40.811" errors="0" timestamp="2022-12-24T23:42:21 IST" skipped="0">
  <testcase classname="testng.Parallel1" name="m1" time="40.811"/>
  <system-out/>
</testsuite> <!-- testng.Parallel1 -->
