<?xml version="1.0" encoding="UTF-8"?>
<!-- Generated by org.testng.reporters.JUnitReportReporter -->
<testsuite hostname="DESKTOP-B6C79S4" failures="0" tests="5" name="testng.Keywords2" time="0.032" errors="0" timestamp="2022-12-17T22:16:54 IST" skipped="0">
  <testcase classname="testng.Keywords2" name="m4" time="0.018"/>
  <system-out>
    <![CDATA[Running m4 method]]>
  </system-out>
  <testcase classname="testng.Keywords2" name="m2" time="0.006"/>
  <system-out>
    <![CDATA[Running m2 method]]>
  </system-out>
  <testcase classname="testng.Keywords2" name="m3" time="0.004"/>
  <system-out>
    <![CDATA[Running m3 method]]>
  </system-out>
  <testcase classname="testng.Keywords2" name="m5" time="0.002"/>
  <system-out>
    <![CDATA[Running m5 method]]>
  </system-out>
  <testcase classname="testng.Keywords2" name="m1" time="0.002"/>
  <system-out>
    <![CDATA[Running m1 method]]>
  </system-out>
</testsuite> <!-- testng.Keywords2 -->
