<?xml version="1.0" encoding="UTF-8"?>
<!-- Generated by org.testng.reporters.JUnitReportReporter -->
<testsuite hostname="DESKTOP-B6C79S4" failures="0" tests="2" name="testng.Sample1" time="0.004" errors="0" timestamp="2022-12-24T10:28:25 IST" skipped="0">
  <testcase classname="testng.Sample1" name="m1" time="0.002"/>
  <system-out>
    <![CDATA[Running m1 method]]>
  </system-out>
  <testcase classname="testng.Sample1" name="m2" time="0.002"/>
  <system-out>
    <![CDATA[Running m2 method]]>
  </system-out>
</testsuite> <!-- testng.Sample1 -->
