<?xml version="1.0" encoding="UTF-8"?>
<!-- Generated by org.testng.reporters.JUnitReportReporter -->
<testsuite hostname="DESKTOP-B6C79S4" failures="0" tests="2" name="testng.Annotations" time="0.050" errors="0" timestamp="2022-12-17T20:05:59 IST" skipped="0">
  <testcase classname="testng.Annotations" name="Test2" time="0.038"/>
  <system-out>
    <![CDATA[Run Test Case2]]>
  </system-out>
  <testcase classname="testng.Annotations" name="Test9" time="0.012"/>
  <system-out>
    <![CDATA[Run Test Case9]]>
  </system-out>
</testsuite> <!-- testng.Annotations -->
