<?xml version="1.0" encoding="UTF-8"?>
<!-- Generated by org.testng.reporters.JUnitReportReporter -->
<testsuite hostname="DESKTOP-B6C79S4" failures="0" tests="3" name="testng.Grouping_of_TestCases" time="0.028" errors="0" timestamp="2022-12-24T11:49:22 IST" skipped="0">
  <testcase classname="testng.Grouping_of_TestCases" name="m6" time="0.003"/>
  <system-out>
    <![CDATA[Running m6 method]]>
  </system-out>
  <testcase classname="testng.Grouping_of_TestCases" name="m1" time="0.021"/>
  <system-out>
    <![CDATA[Running m1 method]]>
  </system-out>
  <testcase classname="testng.Grouping_of_TestCases" name="m2" time="0.004"/>
  <system-out>
    <![CDATA[Running m2 method]]>
  </system-out>
</testsuite> <!-- testng.Grouping_of_TestCases -->
