<?xml version="1.0" encoding="UTF-8"?>
<!-- Generated by org.testng.reporters.JUnitReportReporter -->
<testsuite hostname="DESKTOP-B6C79S4" failures="0" tests="4" name="testng.Keywords3" time="0.025" errors="0" timestamp="2022-12-17T22:25:22 IST" skipped="1">
  <testcase classname="testng.Keywords3" name="m3" time="0.003"/>
  <system-out>
    <![CDATA[Running m3 method]]>
  </system-out>
  <testcase classname="testng.Keywords3" name="m1" time="0.017"/>
  <system-out>
    <![CDATA[Running m1 method]]>
  </system-out>
  <testcase classname="testng.Keywords3" name="m4" time="0.005"/>
  <system-out>
    <![CDATA[Running m4 method]]>
  </system-out>
  <testcase classname="testng.Keywords3" name="m2">
    <skipped/>
  </testcase> <!-- m2 -->
  <system-out/>
</testsuite> <!-- testng.Keywords3 -->
