<?xml version="1.0" encoding="UTF-8"?>
<!-- Generated by org.testng.reporters.JUnitReportReporter -->
<testsuite hostname="DESKTOP-B6C79S4" failures="0" tests="3" name="testng.Disable_TestCases_From_TestSuite1" time="0.023" errors="0" timestamp="2022-12-24T11:28:13 IST" skipped="0">
  <testcase classname="testng.Disable_TestCases_From_TestSuite1" name="m2" time="0.003"/>
  <system-out>
    <![CDATA[Running m2 method]]>
  </system-out>
  <testcase classname="testng.Disable_TestCases_From_TestSuite1" name="m4" time="0.004"/>
  <system-out>
    <![CDATA[Running m4 method]]>
  </system-out>
  <testcase classname="testng.Disable_TestCases_From_TestSuite1" name="m1" time="0.016"/>
  <system-out>
    <![CDATA[Running m1 method]]>
  </system-out>
</testsuite> <!-- testng.Disable_TestCases_From_TestSuite1 -->
