<?xml version="1.0" encoding="UTF-8"?>
<!-- Generated by org.testng.reporters.JUnitReportReporter -->
<testsuite hostname="DESKTOP-B6C79S4" failures="0" tests="2" name="testng.Sample2" time="0.006" errors="0" timestamp="2022-12-24T10:28:25 IST" skipped="0">
  <testcase classname="testng.Sample2" name="m3" time="0.003"/>
  <system-out>
    <![CDATA[Running m3 method]]>
  </system-out>
  <testcase classname="testng.Sample2" name="m4" time="0.003"/>
  <system-out>
    <![CDATA[Running m4 method]]>
  </system-out>
</testsuite> <!-- testng.Sample2 -->
