<?xml version="1.0" encoding="UTF-8"?>
<!-- Generated by org.testng.reporters.JUnitReportReporter -->
<testsuite hostname="DESKTOP-B6C79S4" failures="0" tests="3" name="testng.Disable_TestCases_From_TestSuite2" time="0.006" errors="0" timestamp="2022-12-24T11:28:13 IST" skipped="0">
  <testcase classname="testng.Disable_TestCases_From_TestSuite2" name="m5" time="0.001"/>
  <system-out>
    <![CDATA[Running m5 method]]>
  </system-out>
  <testcase classname="testng.Disable_TestCases_From_TestSuite2" name="m6" time="0.002"/>
  <system-out>
    <![CDATA[Running m6 method]]>
  </system-out>
  <testcase classname="testng.Disable_TestCases_From_TestSuite2" name="m7" time="0.003"/>
  <system-out>
    <![CDATA[Running m7 method]]>
  </system-out>
</testsuite> <!-- testng.Disable_TestCases_From_TestSuite2 -->
