<?xml version="1.0" encoding="UTF-8"?>
<!-- Generated by org.testng.reporters.JUnitReportReporter -->
<testsuite hostname="DESKTOP-B6C79S4" failures="0" tests="4" name="testng.Emailable_Report" time="0.131" errors="0" timestamp="2022-12-17T12:59:40 IST" skipped="0">
  <testcase classname="testng.Emailable_Report" name="m4" time="0.004"/>
  <system-out>
    <![CDATA[Running m4 method]]>
  </system-out>
  <testcase classname="testng.Emailable_Report" name="m2" time="0.006"/>
  <system-out>
    <![CDATA[Running m2 method]]>
  </system-out>
  <testcase classname="testng.Emailable_Report" name="m3" time="0.005"/>
  <system-out>
    <![CDATA[Running m3 method]]>
  </system-out>
  <testcase classname="testng.Emailable_Report" name="m1" time="0.116"/>
  <system-out>
    <![CDATA[Running m1 method]]>
  </system-out>
</testsuite> <!-- testng.Emailable_Report -->
