<?xml version="1.0" encoding="UTF-8"?>
<!-- Generated by org.testng.reporters.JUnitReportReporter -->
<testsuite hostname="DESKTOP-B6C79S4" failures="0" tests="5" name="testng.Keywords" time="0.031" errors="0" timestamp="2022-12-17T22:11:10 IST" skipped="0">
  <testcase classname="testng.Keywords" name="m1" time="0.007"/>
  <system-out>
    <![CDATA[Running m1 method]]>
  </system-out>
  <testcase classname="testng.Keywords" name="m1" time="0.002"/>
  <system-out>
    <![CDATA[Running m1 method]]>
  </system-out>
  <testcase classname="testng.Keywords" name="m1" time="0.017"/>
  <system-out>
    <![CDATA[Running m1 method]]>
  </system-out>
  <testcase classname="testng.Keywords" name="m1" time="0.003"/>
  <system-out>
    <![CDATA[Running m1 method]]>
  </system-out>
  <testcase classname="testng.Keywords" name="m1" time="0.002"/>
  <system-out>
    <![CDATA[Running m1 method]]>
  </system-out>
</testsuite> <!-- testng.Keywords -->
