<?xml version="1.0" encoding="UTF-8"?>
<!-- Generated by org.testng.reporters.JUnitReportReporter -->
<testsuite hostname="DESKTOP-B6C79S4" failures="0" tests="2" name="testng.MultiBrowser" time="150.006" errors="0" timestamp="2022-12-25T00:39:05 IST" skipped="0">
  <testcase classname="testng.MultiBrowser" name="m1" time="96.124"/>
  <system-out/>
  <testcase classname="testng.MultiBrowser" name="m1" time="53.882"/>
  <system-out/>
</testsuite> <!-- testng.MultiBrowser -->
